2021-08-18 16:13:30.452 [main] INFO  com.sunfx.eduService.EduApplication - Starting EduApplication on LAPTOP-FIIQURKS with PID 13576 (D:\workspace\idea_workspace\online_education_parent\service\service_edu\target\classes started by s1258 in D:\workspace\idea_workspace\online_education_parent)
2021-08-18 16:13:30.456 [main] INFO  com.sunfx.eduService.EduApplication - The following profiles are active: dev
2021-08-18 16:13:31.672 [main] INFO  o.s.d.r.config.RepositoryConfigurationDelegate - Multiple Spring Data modules found, entering strict repository configuration mode!
2021-08-18 16:13:31.675 [main] INFO  o.s.d.r.config.RepositoryConfigurationDelegate - Bootstrapping Spring Data repositories in DEFAULT mode.
2021-08-18 16:13:31.723 [main] INFO  o.s.d.r.config.RepositoryConfigurationDelegate - Finished Spring Data repository scanning in 26ms. Found 0 repository interfaces.
2021-08-18 16:13:32.123 [main] INFO  o.s.c.s.PostProcessorRegistrationDelegate$BeanPostProcessorChecker - Bean 'org.springframework.transaction.annotation.ProxyTransactionManagementConfiguration' of type [org.springframework.transaction.annotation.ProxyTransactionManagementConfiguration] is not eligible for getting processed by all BeanPostProcessors (for example: not eligible for auto-proxying)
2021-08-18 16:13:32.542 [main] INFO  o.s.boot.web.embedded.tomcat.TomcatWebServer - Tomcat initialized with port(s): 8001 (http)
2021-08-18 16:13:32.561 [main] INFO  org.apache.coyote.http11.Http11NioProtocol - Initializing ProtocolHandler ["http-nio-8001"]
2021-08-18 16:13:32.563 [main] INFO  org.apache.catalina.core.StandardService - Starting service [Tomcat]
2021-08-18 16:13:32.564 [main] INFO  org.apache.catalina.core.StandardEngine - Starting Servlet engine: [Apache Tomcat/9.0.27]
2021-08-18 16:13:32.869 [main] INFO  o.a.c.core.ContainerBase.[Tomcat].[localhost].[/] - Initializing Spring embedded WebApplicationContext
2021-08-18 16:13:32.869 [main] INFO  org.springframework.web.context.ContextLoader - Root WebApplicationContext: initialization completed in 2327 ms
2021-08-18 16:13:34.797 [main] INFO  s.d.s.w.PropertySourcedRequestMappingHandlerMapping - Mapped URL path [/v2/api-docs] onto method [springfox.documentation.swagger2.web.Swagger2Controller#getDocumentation(String, HttpServletRequest)]
2021-08-18 16:13:34.928 [main] INFO  o.s.scheduling.concurrent.ThreadPoolTaskExecutor - Initializing ExecutorService 'applicationTaskExecutor'
2021-08-18 16:13:35.513 [main] INFO  s.d.s.web.plugins.DocumentationPluginsBootstrapper - Context refreshed
2021-08-18 16:13:35.536 [main] INFO  s.d.s.web.plugins.DocumentationPluginsBootstrapper - Found 1 custom documentation plugin(s)
2021-08-18 16:13:35.580 [main] INFO  s.d.spring.web.scanners.ApiListingReferenceScanner - Scanning for api listing references
2021-08-18 16:13:35.811 [main] INFO  org.apache.coyote.http11.Http11NioProtocol - Starting ProtocolHandler ["http-nio-8001"]
2021-08-18 16:13:35.844 [main] INFO  o.s.boot.web.embedded.tomcat.TomcatWebServer - Tomcat started on port(s): 8001 (http) with context path ''
2021-08-18 16:13:35.847 [main] INFO  com.sunfx.eduService.EduApplication - Started EduApplication in 6.424 seconds (JVM running for 8.166)
2021-08-18 16:14:32.311 [SpringContextShutdownHook] INFO  o.s.scheduling.concurrent.ThreadPoolTaskExecutor - Shutting down ExecutorService 'applicationTaskExecutor'
2021-08-18 16:14:37.924 [main] INFO  com.sunfx.eduService.EduApplication - Starting EduApplication on LAPTOP-FIIQURKS with PID 24372 (D:\workspace\idea_workspace\online_education_parent\service\service_edu\target\classes started by s1258 in D:\workspace\idea_workspace\online_education_parent)
2021-08-18 16:14:37.928 [main] INFO  com.sunfx.eduService.EduApplication - The following profiles are active: dev
2021-08-18 16:14:39.253 [main] INFO  o.s.d.r.config.RepositoryConfigurationDelegate - Multiple Spring Data modules found, entering strict repository configuration mode!
2021-08-18 16:14:39.256 [main] INFO  o.s.d.r.config.RepositoryConfigurationDelegate - Bootstrapping Spring Data repositories in DEFAULT mode.
2021-08-18 16:14:39.301 [main] INFO  o.s.d.r.config.RepositoryConfigurationDelegate - Finished Spring Data repository scanning in 25ms. Found 0 repository interfaces.
2021-08-18 16:14:39.682 [main] INFO  o.s.c.s.PostProcessorRegistrationDelegate$BeanPostProcessorChecker - Bean 'org.springframework.transaction.annotation.ProxyTransactionManagementConfiguration' of type [org.springframework.transaction.annotation.ProxyTransactionManagementConfiguration] is not eligible for getting processed by all BeanPostProcessors (for example: not eligible for auto-proxying)
2021-08-18 16:14:40.064 [main] INFO  o.s.boot.web.embedded.tomcat.TomcatWebServer - Tomcat initialized with port(s): 8001 (http)
2021-08-18 16:14:40.076 [main] INFO  org.apache.coyote.http11.Http11NioProtocol - Initializing ProtocolHandler ["http-nio-8001"]
2021-08-18 16:14:40.077 [main] INFO  org.apache.catalina.core.StandardService - Starting service [Tomcat]
2021-08-18 16:14:40.077 [main] INFO  org.apache.catalina.core.StandardEngine - Starting Servlet engine: [Apache Tomcat/9.0.27]
2021-08-18 16:14:40.294 [main] INFO  o.a.c.core.ContainerBase.[Tomcat].[localhost].[/] - Initializing Spring embedded WebApplicationContext
2021-08-18 16:14:40.294 [main] INFO  org.springframework.web.context.ContextLoader - Root WebApplicationContext: initialization completed in 2318 ms
2021-08-18 16:14:42.135 [main] INFO  s.d.s.w.PropertySourcedRequestMappingHandlerMapping - Mapped URL path [/v2/api-docs] onto method [springfox.documentation.swagger2.web.Swagger2Controller#getDocumentation(String, HttpServletRequest)]
2021-08-18 16:14:42.264 [main] INFO  o.s.scheduling.concurrent.ThreadPoolTaskExecutor - Initializing ExecutorService 'applicationTaskExecutor'
2021-08-18 16:14:42.845 [main] INFO  s.d.s.web.plugins.DocumentationPluginsBootstrapper - Context refreshed
2021-08-18 16:14:42.866 [main] INFO  s.d.s.web.plugins.DocumentationPluginsBootstrapper - Found 1 custom documentation plugin(s)
2021-08-18 16:14:42.908 [main] INFO  s.d.spring.web.scanners.ApiListingReferenceScanner - Scanning for api listing references
2021-08-18 16:14:43.139 [main] INFO  org.apache.coyote.http11.Http11NioProtocol - Starting ProtocolHandler ["http-nio-8001"]
2021-08-18 16:14:43.173 [main] INFO  o.s.boot.web.embedded.tomcat.TomcatWebServer - Tomcat started on port(s): 8001 (http) with context path ''
2021-08-18 16:14:43.177 [main] INFO  com.sunfx.eduService.EduApplication - Started EduApplication in 5.857 seconds (JVM running for 7.86)
2021-08-18 16:16:54.367 [SpringContextShutdownHook] INFO  o.s.scheduling.concurrent.ThreadPoolTaskExecutor - Shutting down ExecutorService 'applicationTaskExecutor'
2021-08-18 16:17:00.361 [main] INFO  com.sunfx.eduService.EduApplication - Starting EduApplication on LAPTOP-FIIQURKS with PID 11172 (D:\workspace\idea_workspace\online_education_parent\service\service_edu\target\classes started by s1258 in D:\workspace\idea_workspace\online_education_parent)
2021-08-18 16:17:00.366 [main] INFO  com.sunfx.eduService.EduApplication - The following profiles are active: dev
2021-08-18 16:17:01.772 [main] INFO  o.s.d.r.config.RepositoryConfigurationDelegate - Multiple Spring Data modules found, entering strict repository configuration mode!
2021-08-18 16:17:01.776 [main] INFO  o.s.d.r.config.RepositoryConfigurationDelegate - Bootstrapping Spring Data repositories in DEFAULT mode.
2021-08-18 16:17:01.824 [main] INFO  o.s.d.r.config.RepositoryConfigurationDelegate - Finished Spring Data repository scanning in 28ms. Found 0 repository interfaces.
2021-08-18 16:17:02.244 [main] INFO  o.s.c.s.PostProcessorRegistrationDelegate$BeanPostProcessorChecker - Bean 'org.springframework.transaction.annotation.ProxyTransactionManagementConfiguration' of type [org.springframework.transaction.annotation.ProxyTransactionManagementConfiguration] is not eligible for getting processed by all BeanPostProcessors (for example: not eligible for auto-proxying)
2021-08-18 16:17:02.653 [main] INFO  o.s.boot.web.embedded.tomcat.TomcatWebServer - Tomcat initialized with port(s): 8001 (http)
2021-08-18 16:17:02.668 [main] INFO  org.apache.coyote.http11.Http11NioProtocol - Initializing ProtocolHandler ["http-nio-8001"]
2021-08-18 16:17:02.669 [main] INFO  org.apache.catalina.core.StandardService - Starting service [Tomcat]
2021-08-18 16:17:02.669 [main] INFO  org.apache.catalina.core.StandardEngine - Starting Servlet engine: [Apache Tomcat/9.0.27]
2021-08-18 16:17:02.934 [main] INFO  o.a.c.core.ContainerBase.[Tomcat].[localhost].[/] - Initializing Spring embedded WebApplicationContext
2021-08-18 16:17:02.934 [main] INFO  org.springframework.web.context.ContextLoader - Root WebApplicationContext: initialization completed in 2513 ms
2021-08-18 16:17:04.951 [main] INFO  s.d.s.w.PropertySourcedRequestMappingHandlerMapping - Mapped URL path [/v2/api-docs] onto method [springfox.documentation.swagger2.web.Swagger2Controller#getDocumentation(String, HttpServletRequest)]
2021-08-18 16:17:05.119 [main] INFO  o.s.scheduling.concurrent.ThreadPoolTaskExecutor - Initializing ExecutorService 'applicationTaskExecutor'
2021-08-18 16:17:05.881 [main] INFO  s.d.s.web.plugins.DocumentationPluginsBootstrapper - Context refreshed
2021-08-18 16:17:05.904 [main] INFO  s.d.s.web.plugins.DocumentationPluginsBootstrapper - Found 1 custom documentation plugin(s)
2021-08-18 16:17:05.955 [main] INFO  s.d.spring.web.scanners.ApiListingReferenceScanner - Scanning for api listing references
2021-08-18 16:17:06.202 [main] INFO  org.apache.coyote.http11.Http11NioProtocol - Starting ProtocolHandler ["http-nio-8001"]
2021-08-18 16:17:06.237 [main] INFO  o.s.boot.web.embedded.tomcat.TomcatWebServer - Tomcat started on port(s): 8001 (http) with context path ''
2021-08-18 16:17:06.242 [main] INFO  com.sunfx.eduService.EduApplication - Started EduApplication in 6.59 seconds (JVM running for 8.632)
2021-08-18 16:18:12.812 [SpringContextShutdownHook] INFO  o.s.scheduling.concurrent.ThreadPoolTaskExecutor - Shutting down ExecutorService 'applicationTaskExecutor'
